<?xml version="1.0" encoding="UTF-8"?>
<testng-results ignored="0" total="4" passed="1" failed="3" skipped="0">
  <reporter-output>
  </reporter-output>
  <suite started-at="2025-07-24T15:56:38 IST" name="Surefire suite" finished-at="2025-07-24T15:57:16 IST" duration-ms="38427">
    <groups>
    </groups>
    <test started-at="2025-07-24T15:56:38 IST" name="Surefire test" finished-at="2025-07-24T15:57:16 IST" duration-ms="38427">
      <class name="tests.LoginTest">
        <test-method is-config="true" signature="setUp(java.lang.reflect.Method)[pri:0, instance:tests.LoginTest@48fa0f47]" started-at="2025-07-24T15:56:50 IST" name="setUp" finished-at="2025-07-24T15:56:51 IST" duration-ms="1045" status="PASS">
          <params>
            <param index="0">
              <value>
                <![CDATA[public void tests.LoginTest.test()]]>
              </value>
            </param>
          </params>
          <reporter-output>
          </reporter-output>
        </test-method> <!-- setUp -->
        <test-method signature="test()[pri:0, instance:tests.LoginTest@48fa0f47]" started-at="2025-07-24T15:56:51 IST" name="test" finished-at="2025-07-24T15:57:10 IST" duration-ms="18610" status="FAIL">
          <exception class="com.microsoft.playwright.impl.TargetClosedError">
            <message>
              <![CDATA[Error {
  message='Target page, context or browser has been closed
  name='TargetClosedError
  stack='TargetClosedError:Target page, context or browser has been closed
Error
    at captureRawStack (C:\Users\mjali\AppData\Local\Temp\playwright-java-17126378196027978920\package\lib\utils\isomorphic\stackTrace.js:32:17)
    at LongStandingScope._race (C:\Users\mjali\AppData\Local\Temp\playwright-java-17126378196027978920\package\lib\utils\isomorphic\manualPromise.js:87:58)
    at LongStandingScope.race (C:\Users\mjali\AppData\Local\Temp\playwright-java-17126378196027978920\package\lib\utils\isomorphic\manualPromise.js:80:17)
    at C:\Users\mjali\AppData\Local\Temp\playwright-java-17126378196027978920\package\lib\utils\isomorphic\manualPromise.js:77:45
    at Array.map (<anonymous>)
    at LongStandingScope.raceMultiple (C:\Users\mjali\AppData\Local\Temp\playwright-java-17126378196027978920\package\lib\utils\isomorphic\manualPromise.js:77:32)
    at Frame.retryWithProgressAndTimeouts (C:\Users\mjali\AppData\Local\Temp\playwright-java-17126378196027978920\package\lib\server\frames.js:877:46)
    at async C:\Users\mjali\AppData\Local\Temp\playwright-java-17126378196027978920\package\lib\server\frames.js:960:29
    at async ProgressController.run (C:\Users\mjali\AppData\Local\Temp\playwright-java-17126378196027978920\package\lib\server\progress.js:80:22)
    at async FrameDispatcher.click (C:\Users\mjali\AppData\Local\Temp\playwright-java-17126378196027978920\package\lib\server\dispatchers\frameDispatcher.js:117:12)
    at async LongStandingScope._race (C:\Users\mjali\AppData\Local\Temp\playwright-java-17126378196027978920\package\lib\utils\isomorphic\manualPromise.js:94:14)
    at async FrameDispatcher._handleCommand (C:\Users\mjali\AppData\Local\Temp\playwright-java-17126378196027978920\package\lib\server\dispatchers\dispatcher.js:90:14)
    at async DispatcherConnection.dispatch (C:\Users\mjali\AppData\Local\Temp\playwright-java-17126378196027978920\package\lib\server\dispatchers\dispatcher.js:309:22)
}
Call log:
-   - waiting for getByRole(AriaRole.LINK, new Page.GetByRoleOptions().setName("Log Out"))
]]>
            </message>
            <full-stacktrace>
              <![CDATA[com.microsoft.playwright.impl.TargetClosedError: Error {
  message='Target page, context or browser has been closed
  name='TargetClosedError
  stack='TargetClosedError:Target page, context or browser has been closed
Error
    at captureRawStack (C:\Users\mjali\AppData\Local\Temp\playwright-java-17126378196027978920\package\lib\utils\isomorphic\stackTrace.js:32:17)
    at LongStandingScope._race (C:\Users\mjali\AppData\Local\Temp\playwright-java-17126378196027978920\package\lib\utils\isomorphic\manualPromise.js:87:58)
    at LongStandingScope.race (C:\Users\mjali\AppData\Local\Temp\playwright-java-17126378196027978920\package\lib\utils\isomorphic\manualPromise.js:80:17)
    at C:\Users\mjali\AppData\Local\Temp\playwright-java-17126378196027978920\package\lib\utils\isomorphic\manualPromise.js:77:45
    at Array.map (<anonymous>)
    at LongStandingScope.raceMultiple (C:\Users\mjali\AppData\Local\Temp\playwright-java-17126378196027978920\package\lib\utils\isomorphic\manualPromise.js:77:32)
    at Frame.retryWithProgressAndTimeouts (C:\Users\mjali\AppData\Local\Temp\playwright-java-17126378196027978920\package\lib\server\frames.js:877:46)
    at async C:\Users\mjali\AppData\Local\Temp\playwright-java-17126378196027978920\package\lib\server\frames.js:960:29
    at async ProgressController.run (C:\Users\mjali\AppData\Local\Temp\playwright-java-17126378196027978920\package\lib\server\progress.js:80:22)
    at async FrameDispatcher.click (C:\Users\mjali\AppData\Local\Temp\playwright-java-17126378196027978920\package\lib\server\dispatchers\frameDispatcher.js:117:12)
    at async LongStandingScope._race (C:\Users\mjali\AppData\Local\Temp\playwright-java-17126378196027978920\package\lib\utils\isomorphic\manualPromise.js:94:14)
    at async FrameDispatcher._handleCommand (C:\Users\mjali\AppData\Local\Temp\playwright-java-17126378196027978920\package\lib\server\dispatchers\dispatcher.js:90:14)
    at async DispatcherConnection.dispatch (C:\Users\mjali\AppData\Local\Temp\playwright-java-17126378196027978920\package\lib\server\dispatchers\dispatcher.js:309:22)
}
Call log:
-   - waiting for getByRole(AriaRole.LINK, new Page.GetByRoleOptions().setName("Log Out"))

at com.microsoft.playwright.impl.WaitableResult.get(WaitableResult.java:54)
at com.microsoft.playwright.impl.ChannelOwner.runUntil(ChannelOwner.java:138)
at com.microsoft.playwright.impl.Connection.sendMessage(Connection.java:131)
at com.microsoft.playwright.impl.ChannelOwner.sendMessage(ChannelOwner.java:124)
at com.microsoft.playwright.impl.FrameImpl.clickImpl(FrameImpl.java:241)
at com.microsoft.playwright.impl.FrameImpl.click(FrameImpl.java:232)
at com.microsoft.playwright.impl.LocatorImpl.click(LocatorImpl.java:164)
at com.microsoft.playwright.Locator.click(Locator.java:2500)
at tests.LoginTest.test(LoginTest.java:39)
at java.base/jdk.internal.reflect.DirectMethodHandleAccessor.invoke(DirectMethodHandleAccessor.java:103)
at java.base/java.lang.reflect.Method.invoke(Method.java:580)
at org.testng.internal.invokers.MethodInvocationHelper.invokeMethod(MethodInvocationHelper.java:141)
at org.testng.internal.invokers.TestInvoker.invokeMethod(TestInvoker.java:687)
at org.testng.internal.invokers.TestInvoker.invokeTestMethod(TestInvoker.java:230)
at org.testng.internal.invokers.MethodRunner.runInSequence(MethodRunner.java:63)
at org.testng.internal.invokers.TestInvoker$MethodInvocationAgent.invoke(TestInvoker.java:995)
at org.testng.internal.invokers.TestInvoker.invokeTestMethods(TestInvoker.java:203)
at org.testng.internal.invokers.TestMethodWorker.invokeTestMethods(TestMethodWorker.java:154)
at org.testng.internal.invokers.TestMethodWorker.run(TestMethodWorker.java:134)
at java.base/java.util.ArrayList.forEach(ArrayList.java:1596)
at org.testng.TestRunner.privateRun(TestRunner.java:741)
at org.testng.TestRunner.run(TestRunner.java:616)
at org.testng.SuiteRunner.runTest(SuiteRunner.java:421)
at org.testng.SuiteRunner.runSequentially(SuiteRunner.java:413)
at org.testng.SuiteRunner.privateRun(SuiteRunner.java:373)
at org.testng.SuiteRunner.run(SuiteRunner.java:312)
at org.testng.SuiteRunnerWorker.runSuite(SuiteRunnerWorker.java:52)
at org.testng.SuiteRunnerWorker.run(SuiteRunnerWorker.java:95)
at org.testng.TestNG.runSuitesSequentially(TestNG.java:1274)
at org.testng.TestNG.runSuitesLocally(TestNG.java:1208)
at org.testng.TestNG.runSuites(TestNG.java:1112)
at org.testng.TestNG.run(TestNG.java:1079)
at org.apache.maven.surefire.testng.TestNGExecutor.run(TestNGExecutor.java:155)
at org.apache.maven.surefire.testng.TestNGDirectoryTestSuite.executeMulti(TestNGDirectoryTestSuite.java:169)
at org.apache.maven.surefire.testng.TestNGDirectoryTestSuite.execute(TestNGDirectoryTestSuite.java:88)
at org.apache.maven.surefire.testng.TestNGProvider.invoke(TestNGProvider.java:137)
at org.apache.maven.surefire.booter.ForkedBooter.runSuitesInProcess(ForkedBooter.java:385)
at org.apache.maven.surefire.booter.ForkedBooter.execute(ForkedBooter.java:162)
at org.apache.maven.surefire.booter.ForkedBooter.run(ForkedBooter.java:507)
at org.apache.maven.surefire.booter.ForkedBooter.main(ForkedBooter.java:495)
Caused by: com.microsoft.playwright.impl.TargetClosedError: Error {
  message='Target page, context or browser has been closed
  name='TargetClosedError
  stack='TargetClosedError:Target page, context or browser has been closed
Error
    at captureRawStack (C:\Users\mjali\AppData\Local\Temp\playwright-java-17126378196027978920\package\lib\utils\isomorphic\stackTrace.js:32:17)
    at LongStandingScope._race (C:\Users\mjali\AppData\Local\Temp\playwright-java-17126378196027978920\package\lib\utils\isomorphic\manualPromise.js:87:58)
    at LongStandingScope.race (C:\Users\mjali\AppData\Local\Temp\playwright-java-17126378196027978920\package\lib\utils\isomorphic\manualPromise.js:80:17)
    at C:\Users\mjali\AppData\Local\Temp\playwright-java-17126378196027978920\package\lib\utils\isomorphic\manualPromise.js:77:45
    at Array.map (<anonymous>)
    at LongStandingScope.raceMultiple (C:\Users\mjali\AppData\Local\Temp\playwright-java-17126378196027978920\package\lib\utils\isomorphic\manualPromise.js:77:32)
    at Frame.retryWithProgressAndTimeouts (C:\Users\mjali\AppData\Local\Temp\playwright-java-17126378196027978920\package\lib\server\frames.js:877:46)
    at async C:\Users\mjali\AppData\Local\Temp\playwright-java-17126378196027978920\package\lib\server\frames.js:960:29
    at async ProgressController.run (C:\Users\mjali\AppData\Local\Temp\playwright-java-17126378196027978920\package\lib\server\progress.js:80:22)
    at async FrameDispatcher.click (C:\Users\mjali\AppData\Local\Temp\playwright-java-17126378196027978920\package\lib\server\dispatchers\frameDispatcher.js:117:12)
    at async LongStandingScope._race (C:\Users\mjali\AppData\Local\Temp\playwright-java-17126378196027978920\package\lib\utils\isomorphic\manualPromise.js:94:14)
    at async FrameDispatcher._handleCommand (C:\Users\mjali\AppData\Local\Temp\playwright-java-17126378196027978920\package\lib\server\dispatchers\dispatcher.js:90:14)
    at async DispatcherConnection.dispatch (C:\Users\mjali\AppData\Local\Temp\playwright-java-17126378196027978920\package\lib\server\dispatchers\dispatcher.js:309:22)
}
Call log:
-   - waiting for getByRole(AriaRole.LINK, new Page.GetByRoleOptions().setName("Log Out"))

at com.microsoft.playwright.impl.Connection.dispatch(Connection.java:259)
at com.microsoft.playwright.impl.Connection.processOneMessage(Connection.java:214)
at com.microsoft.playwright.impl.ChannelOwner.runUntil(ChannelOwner.java:136)
... 38 more
]]>
            </full-stacktrace>
          </exception> <!-- com.microsoft.playwright.impl.TargetClosedError -->
          <reporter-output>
          </reporter-output>
        </test-method> <!-- test -->
        <test-method is-config="true" signature="tearDown(org.testng.ITestResult)[pri:0, instance:tests.LoginTest@48fa0f47]" started-at="2025-07-24T15:57:10 IST" name="tearDown" finished-at="2025-07-24T15:57:10 IST" duration-ms="269" status="PASS">
          <params>
            <param index="0">
              <value>
                <![CDATA[[TestResult name=test status=FAILURE method=LoginTest.test()[pri:0, instance:tests.LoginTest@48fa0f47] output={null}]]]>
              </value>
            </param>
          </params>
          <reporter-output>
          </reporter-output>
        </test-method> <!-- tearDown -->
      </class> <!-- tests.LoginTest -->
      <class name="tests.FirstTest">
        <test-method is-config="true" signature="setUp(java.lang.reflect.Method)[pri:0, instance:tests.FirstTest@1677d1]" started-at="2025-07-24T15:56:38 IST" name="setUp" finished-at="2025-07-24T15:56:46 IST" duration-ms="8165" status="PASS">
          <params>
            <param index="0">
              <value>
                <![CDATA[public void tests.FirstTest.verifyTitle()]]>
              </value>
            </param>
          </params>
          <reporter-output>
          </reporter-output>
        </test-method> <!-- setUp -->
        <test-method signature="verifyTitle()[pri:0, instance:tests.FirstTest@1677d1]" started-at="2025-07-24T15:56:46 IST" name="verifyTitle" finished-at="2025-07-24T15:56:50 IST" duration-ms="3667" status="PASS">
          <reporter-output>
          </reporter-output>
        </test-method> <!-- verifyTitle -->
        <test-method is-config="true" signature="tearDown(org.testng.ITestResult)[pri:0, instance:tests.FirstTest@1677d1]" started-at="2025-07-24T15:56:50 IST" name="tearDown" finished-at="2025-07-24T15:56:50 IST" duration-ms="325" status="PASS">
          <params>
            <param index="0">
              <value>
                <![CDATA[[TestResult name=verifyTitle status=SUCCESS method=FirstTest.verifyTitle()[pri:0, instance:tests.FirstTest@1677d1] output={null}]]]>
              </value>
            </param>
          </params>
          <reporter-output>
          </reporter-output>
        </test-method> <!-- tearDown -->
      </class> <!-- tests.FirstTest -->
      <class name="tests.UpdateUserTest">
        <test-method is-config="true" signature="setUp(java.lang.reflect.Method)[pri:0, instance:tests.UpdateUserTest@5e316c74]" started-at="2025-07-24T15:57:14 IST" name="setUp" finished-at="2025-07-24T15:57:15 IST" duration-ms="1005" status="PASS">
          <params>
            <param index="0">
              <value>
                <![CDATA[public void tests.UpdateUserTest.test()]]>
              </value>
            </param>
          </params>
          <reporter-output>
          </reporter-output>
        </test-method> <!-- setUp -->
        <test-method signature="test()[pri:0, instance:tests.UpdateUserTest@5e316c74]" started-at="2025-07-24T15:57:15 IST" name="test" finished-at="2025-07-24T15:57:16 IST" duration-ms="1370" status="FAIL">
          <exception class="com.microsoft.playwright.PlaywrightException">
            <message>
              <![CDATA[Error {
  message='net::ERR_ABORTED; maybe frame was detached?
  name='Error
  stack='Error: net::ERR_ABORTED; maybe frame was detached?
    at FrameManager.frameAbortedNavigation (C:\Users\mjali\AppData\Local\Temp\playwright-java-17126378196027978920\package\lib\server\frames.js:205:14)
    at FrameManager.requestFailed (C:\Users\mjali\AppData\Local\Temp\playwright-java-17126378196027978920\package\lib\server\frames.js:255:12)
    at CRNetworkManager._onLoadingFailed (C:\Users\mjali\AppData\Local\Temp\playwright-java-17126378196027978920\package\lib\server\chromium\crNetworkManager.js:461:55)
    at CRSession.emit (node:events:518:28)
    at C:\Users\mjali\AppData\Local\Temp\playwright-java-17126378196027978920\package\lib\server\chromium\crConnection.js:138:14
}
Call log:
-   - navigating to "https://parabank.parasoft.com/parabank/index.htm", waiting until "load"
]]>
            </message>
            <full-stacktrace>
              <![CDATA[com.microsoft.playwright.PlaywrightException: Error {
  message='net::ERR_ABORTED; maybe frame was detached?
  name='Error
  stack='Error: net::ERR_ABORTED; maybe frame was detached?
    at FrameManager.frameAbortedNavigation (C:\Users\mjali\AppData\Local\Temp\playwright-java-17126378196027978920\package\lib\server\frames.js:205:14)
    at FrameManager.requestFailed (C:\Users\mjali\AppData\Local\Temp\playwright-java-17126378196027978920\package\lib\server\frames.js:255:12)
    at CRNetworkManager._onLoadingFailed (C:\Users\mjali\AppData\Local\Temp\playwright-java-17126378196027978920\package\lib\server\chromium\crNetworkManager.js:461:55)
    at CRSession.emit (node:events:518:28)
    at C:\Users\mjali\AppData\Local\Temp\playwright-java-17126378196027978920\package\lib\server\chromium\crConnection.js:138:14
}
Call log:
-   - navigating to "https://parabank.parasoft.com/parabank/index.htm", waiting until "load"

at com.microsoft.playwright.impl.WaitableResult.get(WaitableResult.java:56)
at com.microsoft.playwright.impl.ChannelOwner.runUntil(ChannelOwner.java:138)
at com.microsoft.playwright.impl.Connection.sendMessage(Connection.java:131)
at com.microsoft.playwright.impl.ChannelOwner.sendMessage(ChannelOwner.java:124)
at com.microsoft.playwright.impl.FrameImpl.navigateImpl(FrameImpl.java:419)
at com.microsoft.playwright.impl.PageImpl.navigate(PageImpl.java:918)
at com.microsoft.playwright.impl.PageImpl.navigate(PageImpl.java:42)
at com.microsoft.playwright.Page.navigate(Page.java:5491)
at tests.UpdateUserTest.test(UpdateUserTest.java:14)
at java.base/jdk.internal.reflect.DirectMethodHandleAccessor.invoke(DirectMethodHandleAccessor.java:103)
at java.base/java.lang.reflect.Method.invoke(Method.java:580)
at org.testng.internal.invokers.MethodInvocationHelper.invokeMethod(MethodInvocationHelper.java:141)
at org.testng.internal.invokers.TestInvoker.invokeMethod(TestInvoker.java:687)
at org.testng.internal.invokers.TestInvoker.invokeTestMethod(TestInvoker.java:230)
at org.testng.internal.invokers.MethodRunner.runInSequence(MethodRunner.java:63)
at org.testng.internal.invokers.TestInvoker$MethodInvocationAgent.invoke(TestInvoker.java:995)
at org.testng.internal.invokers.TestInvoker.invokeTestMethods(TestInvoker.java:203)
at org.testng.internal.invokers.TestMethodWorker.invokeTestMethods(TestMethodWorker.java:154)
at org.testng.internal.invokers.TestMethodWorker.run(TestMethodWorker.java:134)
at java.base/java.util.ArrayList.forEach(ArrayList.java:1596)
at org.testng.TestRunner.privateRun(TestRunner.java:741)
at org.testng.TestRunner.run(TestRunner.java:616)
at org.testng.SuiteRunner.runTest(SuiteRunner.java:421)
at org.testng.SuiteRunner.runSequentially(SuiteRunner.java:413)
at org.testng.SuiteRunner.privateRun(SuiteRunner.java:373)
at org.testng.SuiteRunner.run(SuiteRunner.java:312)
at org.testng.SuiteRunnerWorker.runSuite(SuiteRunnerWorker.java:52)
at org.testng.SuiteRunnerWorker.run(SuiteRunnerWorker.java:95)
at org.testng.TestNG.runSuitesSequentially(TestNG.java:1274)
at org.testng.TestNG.runSuitesLocally(TestNG.java:1208)
at org.testng.TestNG.runSuites(TestNG.java:1112)
at org.testng.TestNG.run(TestNG.java:1079)
at org.apache.maven.surefire.testng.TestNGExecutor.run(TestNGExecutor.java:155)
at org.apache.maven.surefire.testng.TestNGDirectoryTestSuite.executeMulti(TestNGDirectoryTestSuite.java:169)
at org.apache.maven.surefire.testng.TestNGDirectoryTestSuite.execute(TestNGDirectoryTestSuite.java:88)
at org.apache.maven.surefire.testng.TestNGProvider.invoke(TestNGProvider.java:137)
at org.apache.maven.surefire.booter.ForkedBooter.runSuitesInProcess(ForkedBooter.java:385)
at org.apache.maven.surefire.booter.ForkedBooter.execute(ForkedBooter.java:162)
at org.apache.maven.surefire.booter.ForkedBooter.run(ForkedBooter.java:507)
at org.apache.maven.surefire.booter.ForkedBooter.main(ForkedBooter.java:495)
Caused by: com.microsoft.playwright.impl.DriverException: Error {
  message='net::ERR_ABORTED; maybe frame was detached?
  name='Error
  stack='Error: net::ERR_ABORTED; maybe frame was detached?
    at FrameManager.frameAbortedNavigation (C:\Users\mjali\AppData\Local\Temp\playwright-java-17126378196027978920\package\lib\server\frames.js:205:14)
    at FrameManager.requestFailed (C:\Users\mjali\AppData\Local\Temp\playwright-java-17126378196027978920\package\lib\server\frames.js:255:12)
    at CRNetworkManager._onLoadingFailed (C:\Users\mjali\AppData\Local\Temp\playwright-java-17126378196027978920\package\lib\server\chromium\crNetworkManager.js:461:55)
    at CRSession.emit (node:events:518:28)
    at C:\Users\mjali\AppData\Local\Temp\playwright-java-17126378196027978920\package\lib\server\chromium\crConnection.js:138:14
}
Call log:
-   - navigating to "https://parabank.parasoft.com/parabank/index.htm", waiting until "load"

at com.microsoft.playwright.impl.Connection.dispatch(Connection.java:262)
at com.microsoft.playwright.impl.Connection.processOneMessage(Connection.java:214)
at com.microsoft.playwright.impl.ChannelOwner.runUntil(ChannelOwner.java:136)
... 38 more
]]>
            </full-stacktrace>
          </exception> <!-- com.microsoft.playwright.PlaywrightException -->
          <reporter-output>
          </reporter-output>
        </test-method> <!-- test -->
        <test-method is-config="true" signature="tearDown(org.testng.ITestResult)[pri:0, instance:tests.UpdateUserTest@5e316c74]" started-at="2025-07-24T15:57:16 IST" name="tearDown" finished-at="2025-07-24T15:57:16 IST" duration-ms="227" status="PASS">
          <params>
            <param index="0">
              <value>
                <![CDATA[[TestResult name=test status=FAILURE method=UpdateUserTest.test()[pri:0, instance:tests.UpdateUserTest@5e316c74] output={null}]]]>
              </value>
            </param>
          </params>
          <reporter-output>
          </reporter-output>
        </test-method> <!-- tearDown -->
      </class> <!-- tests.UpdateUserTest -->
      <class name="tests.RegisterUserTest">
        <test-method is-config="true" signature="setUp(java.lang.reflect.Method)[pri:0, instance:tests.RegisterUserTest@6ac13091]" started-at="2025-07-24T15:57:10 IST" name="setUp" finished-at="2025-07-24T15:57:11 IST" duration-ms="1013" status="PASS">
          <params>
            <param index="0">
              <value>
                <![CDATA[public void tests.RegisterUserTest.test()]]>
              </value>
            </param>
          </params>
          <reporter-output>
          </reporter-output>
        </test-method> <!-- setUp -->
        <test-method signature="test()[pri:0, instance:tests.RegisterUserTest@6ac13091]" started-at="2025-07-24T15:57:11 IST" name="test" finished-at="2025-07-24T15:57:13 IST" duration-ms="2445" status="FAIL">
          <exception class="com.microsoft.playwright.impl.TargetClosedError">
            <message>
              <![CDATA[Error {
  message='Target page, context or browser has been closed
  name='TargetClosedError
  stack='TargetClosedError:Target page, context or browser has been closed
Error
    at captureRawStack (C:\Users\mjali\AppData\Local\Temp\playwright-java-17126378196027978920\package\lib\utils\isomorphic\stackTrace.js:32:17)
    at LongStandingScope._race (C:\Users\mjali\AppData\Local\Temp\playwright-java-17126378196027978920\package\lib\utils\isomorphic\manualPromise.js:87:58)
    at LongStandingScope.race (C:\Users\mjali\AppData\Local\Temp\playwright-java-17126378196027978920\package\lib\utils\isomorphic\manualPromise.js:80:17)
    at FrameDispatcher._handleCommand (C:\Users\mjali\AppData\Local\Temp\playwright-java-17126378196027978920\package\lib\server\dispatchers\dispatcher.js:90:36)
    at DispatcherConnection.dispatch (C:\Users\mjali\AppData\Local\Temp\playwright-java-17126378196027978920\package\lib\server\dispatchers\dispatcher.js:309:39)
}
Call log:
-   - navigating to "https://parabank.parasoft.com/parabank/index.htm", waiting until "load"
]]>
            </message>
            <full-stacktrace>
              <![CDATA[com.microsoft.playwright.impl.TargetClosedError: Error {
  message='Target page, context or browser has been closed
  name='TargetClosedError
  stack='TargetClosedError:Target page, context or browser has been closed
Error
    at captureRawStack (C:\Users\mjali\AppData\Local\Temp\playwright-java-17126378196027978920\package\lib\utils\isomorphic\stackTrace.js:32:17)
    at LongStandingScope._race (C:\Users\mjali\AppData\Local\Temp\playwright-java-17126378196027978920\package\lib\utils\isomorphic\manualPromise.js:87:58)
    at LongStandingScope.race (C:\Users\mjali\AppData\Local\Temp\playwright-java-17126378196027978920\package\lib\utils\isomorphic\manualPromise.js:80:17)
    at FrameDispatcher._handleCommand (C:\Users\mjali\AppData\Local\Temp\playwright-java-17126378196027978920\package\lib\server\dispatchers\dispatcher.js:90:36)
    at DispatcherConnection.dispatch (C:\Users\mjali\AppData\Local\Temp\playwright-java-17126378196027978920\package\lib\server\dispatchers\dispatcher.js:309:39)
}
Call log:
-   - navigating to "https://parabank.parasoft.com/parabank/index.htm", waiting until "load"

at com.microsoft.playwright.impl.WaitableResult.get(WaitableResult.java:54)
at com.microsoft.playwright.impl.ChannelOwner.runUntil(ChannelOwner.java:138)
at com.microsoft.playwright.impl.Connection.sendMessage(Connection.java:131)
at com.microsoft.playwright.impl.ChannelOwner.sendMessage(ChannelOwner.java:124)
at com.microsoft.playwright.impl.FrameImpl.navigateImpl(FrameImpl.java:419)
at com.microsoft.playwright.impl.PageImpl.navigate(PageImpl.java:918)
at com.microsoft.playwright.impl.PageImpl.navigate(PageImpl.java:42)
at com.microsoft.playwright.Page.navigate(Page.java:5491)
at tests.RegisterUserTest.test(RegisterUserTest.java:14)
at java.base/jdk.internal.reflect.DirectMethodHandleAccessor.invoke(DirectMethodHandleAccessor.java:103)
at java.base/java.lang.reflect.Method.invoke(Method.java:580)
at org.testng.internal.invokers.MethodInvocationHelper.invokeMethod(MethodInvocationHelper.java:141)
at org.testng.internal.invokers.TestInvoker.invokeMethod(TestInvoker.java:687)
at org.testng.internal.invokers.TestInvoker.invokeTestMethod(TestInvoker.java:230)
at org.testng.internal.invokers.MethodRunner.runInSequence(MethodRunner.java:63)
at org.testng.internal.invokers.TestInvoker$MethodInvocationAgent.invoke(TestInvoker.java:995)
at org.testng.internal.invokers.TestInvoker.invokeTestMethods(TestInvoker.java:203)
at org.testng.internal.invokers.TestMethodWorker.invokeTestMethods(TestMethodWorker.java:154)
at org.testng.internal.invokers.TestMethodWorker.run(TestMethodWorker.java:134)
at java.base/java.util.ArrayList.forEach(ArrayList.java:1596)
at org.testng.TestRunner.privateRun(TestRunner.java:741)
at org.testng.TestRunner.run(TestRunner.java:616)
at org.testng.SuiteRunner.runTest(SuiteRunner.java:421)
at org.testng.SuiteRunner.runSequentially(SuiteRunner.java:413)
at org.testng.SuiteRunner.privateRun(SuiteRunner.java:373)
at org.testng.SuiteRunner.run(SuiteRunner.java:312)
at org.testng.SuiteRunnerWorker.runSuite(SuiteRunnerWorker.java:52)
at org.testng.SuiteRunnerWorker.run(SuiteRunnerWorker.java:95)
at org.testng.TestNG.runSuitesSequentially(TestNG.java:1274)
at org.testng.TestNG.runSuitesLocally(TestNG.java:1208)
at org.testng.TestNG.runSuites(TestNG.java:1112)
at org.testng.TestNG.run(TestNG.java:1079)
at org.apache.maven.surefire.testng.TestNGExecutor.run(TestNGExecutor.java:155)
at org.apache.maven.surefire.testng.TestNGDirectoryTestSuite.executeMulti(TestNGDirectoryTestSuite.java:169)
at org.apache.maven.surefire.testng.TestNGDirectoryTestSuite.execute(TestNGDirectoryTestSuite.java:88)
at org.apache.maven.surefire.testng.TestNGProvider.invoke(TestNGProvider.java:137)
at org.apache.maven.surefire.booter.ForkedBooter.runSuitesInProcess(ForkedBooter.java:385)
at org.apache.maven.surefire.booter.ForkedBooter.execute(ForkedBooter.java:162)
at org.apache.maven.surefire.booter.ForkedBooter.run(ForkedBooter.java:507)
at org.apache.maven.surefire.booter.ForkedBooter.main(ForkedBooter.java:495)
Caused by: com.microsoft.playwright.impl.TargetClosedError: Error {
  message='Target page, context or browser has been closed
  name='TargetClosedError
  stack='TargetClosedError:Target page, context or browser has been closed
Error
    at captureRawStack (C:\Users\mjali\AppData\Local\Temp\playwright-java-17126378196027978920\package\lib\utils\isomorphic\stackTrace.js:32:17)
    at LongStandingScope._race (C:\Users\mjali\AppData\Local\Temp\playwright-java-17126378196027978920\package\lib\utils\isomorphic\manualPromise.js:87:58)
    at LongStandingScope.race (C:\Users\mjali\AppData\Local\Temp\playwright-java-17126378196027978920\package\lib\utils\isomorphic\manualPromise.js:80:17)
    at FrameDispatcher._handleCommand (C:\Users\mjali\AppData\Local\Temp\playwright-java-17126378196027978920\package\lib\server\dispatchers\dispatcher.js:90:36)
    at DispatcherConnection.dispatch (C:\Users\mjali\AppData\Local\Temp\playwright-java-17126378196027978920\package\lib\server\dispatchers\dispatcher.js:309:39)
}
Call log:
-   - navigating to "https://parabank.parasoft.com/parabank/index.htm", waiting until "load"

at com.microsoft.playwright.impl.Connection.dispatch(Connection.java:259)
at com.microsoft.playwright.impl.Connection.processOneMessage(Connection.java:214)
at com.microsoft.playwright.impl.ChannelOwner.runUntil(ChannelOwner.java:136)
... 38 more
]]>
            </full-stacktrace>
          </exception> <!-- com.microsoft.playwright.impl.TargetClosedError -->
          <reporter-output>
          </reporter-output>
        </test-method> <!-- test -->
        <test-method is-config="true" signature="tearDown(org.testng.ITestResult)[pri:0, instance:tests.RegisterUserTest@6ac13091]" started-at="2025-07-24T15:57:13 IST" name="tearDown" finished-at="2025-07-24T15:57:14 IST" duration-ms="240" status="PASS">
          <params>
            <param index="0">
              <value>
                <![CDATA[[TestResult name=test status=FAILURE method=RegisterUserTest.test()[pri:0, instance:tests.RegisterUserTest@6ac13091] output={null}]]]>
              </value>
            </param>
          </params>
          <reporter-output>
          </reporter-output>
        </test-method> <!-- tearDown -->
      </class> <!-- tests.RegisterUserTest -->
    </test> <!-- Surefire test -->
  </suite> <!-- Surefire suite -->
</testng-results>
